<?xml version="1.0" encoding="UTF-8"?>
<!-- Generated by org.testng.reporters.JUnitXMLReporter -->
<testsuite ignored="0" hostname="LAPTOP-1BU66JUJ" failures="0" tests="4" name="Test" time="7.923" errors="0" timestamp="2023-09-13T07:30:48 IST">
  <testcase classname="rest_assured_day8.CreateUser" name="create_user" time="4.357"/>
  <testcase classname="rest_assured_day8.GetUser" name="get_user" time="0.993"/>
  <testcase classname="rest_assured_day8.UpdateUser" name="update_user" time="1.373"/>
  <testcase classname="rest_assured_day8.DeleteUser" name="delete_user" time="1.111"/>
</testsuite> <!-- Test -->
