<?xml version="1.0" encoding="UTF-8"?>
<testng-results ignored="0" total="4" passed="4" failed="0" skipped="0">
  <reporter-output>
  </reporter-output>
  <suite started-at="2023-09-13T07:30:40 IST" name="Suite" finished-at="2023-09-13T07:30:48 IST" duration-ms="7923">
    <groups>
    </groups>
    <test started-at="2023-09-13T07:30:40 IST" name="Test" finished-at="2023-09-13T07:30:48 IST" duration-ms="7923">
      <class name="rest_assured_day8.CreateUser">
        <test-method signature="create_user(org.testng.ITestContext)[pri:0, instance:rest_assured_day8.CreateUser@3cebbb30]" started-at="2023-09-13T07:30:40 IST" name="create_user" finished-at="2023-09-13T07:30:45 IST" duration-ms="4357" status="PASS">
          <params>
            <param index="0">
              <value>
                <![CDATA[org.testng.TestRunner@30f842ca]]>
              </value>
            </param>
          </params>
          <reporter-output>
          </reporter-output>
        </test-method> <!-- create_user -->
      </class> <!-- rest_assured_day8.CreateUser -->
      <class name="rest_assured_day8.UpdateUser">
        <test-method signature="update_user(org.testng.ITestContext)[pri:0, instance:rest_assured_day8.UpdateUser@4b0d79fc]" started-at="2023-09-13T07:30:46 IST" name="update_user" finished-at="2023-09-13T07:30:47 IST" duration-ms="1373" status="PASS">
          <params>
            <param index="0">
              <value>
                <![CDATA[org.testng.TestRunner@30f842ca]]>
              </value>
            </param>
          </params>
          <reporter-output>
          </reporter-output>
        </test-method> <!-- update_user -->
      </class> <!-- rest_assured_day8.UpdateUser -->
      <class name="rest_assured_day8.DeleteUser">
        <test-method signature="delete_user(org.testng.ITestContext)[pri:0, instance:rest_assured_day8.DeleteUser@4c1909a3]" started-at="2023-09-13T07:30:47 IST" name="delete_user" finished-at="2023-09-13T07:30:48 IST" duration-ms="1111" status="PASS">
          <params>
            <param index="0">
              <value>
                <![CDATA[org.testng.TestRunner@30f842ca]]>
              </value>
            </param>
          </params>
          <reporter-output>
          </reporter-output>
        </test-method> <!-- delete_user -->
      </class> <!-- rest_assured_day8.DeleteUser -->
      <class name="rest_assured_day8.GetUser">
        <test-method signature="get_user(org.testng.ITestContext)[pri:0, instance:rest_assured_day8.GetUser@55634720]" started-at="2023-09-13T07:30:45 IST" name="get_user" finished-at="2023-09-13T07:30:46 IST" duration-ms="993" status="PASS">
          <params>
            <param index="0">
              <value>
                <![CDATA[org.testng.TestRunner@30f842ca]]>
              </value>
            </param>
          </params>
          <reporter-output>
          </reporter-output>
        </test-method> <!-- get_user -->
      </class> <!-- rest_assured_day8.GetUser -->
    </test> <!-- Test -->
  </suite> <!-- Suite -->
</testng-results>
